<?xml version="1.0" encoding="UTF-8"?>
<testng-results ignored="0" total="1" passed="1" failed="0" skipped="0">
  <reporter-output>
    <line>
      <![CDATA[Execution Start]]>
    </line>
    <line>
      <![CDATA[Execution End]]>
    </line>
  </reporter-output>
  <suite started-at="2023-06-22T19:39:22 IST" name="Surefire suite" finished-at="2023-06-22T19:40:13 IST" duration-ms="51005">
    <groups>
    </groups>
    <test started-at="2023-06-22T19:39:22 IST" name="Surefire test" finished-at="2023-06-22T19:40:13 IST" duration-ms="51005">
      <class name="com.testyantra.testcases.TC_1">
        <test-method is-config="true" signature="executestart()[pri:0, instance:com.testyantra.testcases.TC_1@3c22fc4c]" started-at="2023-06-22T19:39:22 IST" name="executestart" finished-at="2023-06-22T19:39:22 IST" duration-ms="65" status="PASS">
          <reporter-output>
            <line>
              <![CDATA[Execution Start]]>
            </line>
          </reporter-output>
        </test-method> <!-- executestart -->
        <test-method is-config="true" signature="setup()[pri:0, instance:com.testyantra.testcases.TC_1@3c22fc4c]" started-at="2023-06-22T19:39:22 IST" name="setup" finished-at="2023-06-22T19:40:00 IST" duration-ms="37828" status="PASS">
          <reporter-output>
          </reporter-output>
        </test-method> <!-- setup -->
        <test-method signature="login1()[pri:0, instance:com.testyantra.testcases.TC_1@3c22fc4c]" started-at="2023-06-22T19:40:00 IST" name="login1" finished-at="2023-06-22T19:40:13 IST" duration-ms="13037" status="PASS">
          <reporter-output>
          </reporter-output>
        </test-method> <!-- login1 -->
        <test-method is-config="true" signature="executionend()[pri:0, instance:com.testyantra.testcases.TC_1@3c22fc4c]" started-at="2023-06-22T19:40:14 IST" name="executionend" finished-at="2023-06-22T19:40:14 IST" duration-ms="0" status="PASS">
          <reporter-output>
            <line>
              <![CDATA[Execution End]]>
            </line>
          </reporter-output>
        </test-method> <!-- executionend -->
      </class> <!-- com.testyantra.testcases.TC_1 -->
    </test> <!-- Surefire test -->
  </suite> <!-- Surefire suite -->
</testng-results>
